epoch: 0
ACC: 0.7701166666666667
NMI: 0.677791163171621
ARI: 0.6069096232114414
epoch: 1
ACC: 0.7786
NMI: 0.6878734537062069
ARI: 0.620410202264679
epoch: 2
ACC: 0.8102
NMI: 0.712980578724114
ARI: 0.6608287202941374
epoch: 3
ACC: 0.8254166666666667
NMI: 0.72907347209768
ARI: 0.6857929928175632
epoch: 4
ACC: 0.8313
NMI: 0.736224580530419
ARI: 0.6956548604007671
epoch: 5
ACC: 0.8312166666666667
NMI: 0.7367812041865238
ARI: 0.6943580934273499
epoch: 6
ACC: 0.8334333333333334
NMI: 0.7406088679019149
ARI: 0.6981705807349273
epoch: 7
ACC: 0.8321666666666667
NMI: 0.7409049056249303
ARI: 0.6953900294612881
epoch: 8
ACC: 0.8354333333333334
NMI: 0.7439649890104261
ARI: 0.7017268059720909
epoch: 9
ACC: 0.83585
NMI: 0.7446183697891985
ARI: 0.7017045031570542
epoch: 10
ACC: 0.83675
NMI: 0.7453026426639774
ARI: 0.7034332748395484
epoch: 11
ACC: 0.83925
NMI: 0.7488559796687856
ARI: 0.7080651781065155
epoch: 12
ACC: 0.8382833333333334
NMI: 0.7478013607075835
ARI: 0.7056364975676672
epoch: 13
ACC: 0.8384833333333334
NMI: 0.7483681698995862
ARI: 0.706346528737891
epoch: 14
ACC: 0.8386333333333333
NMI: 0.7497345846553385
ARI: 0.7067066636097123
epoch: 15
ACC: 0.8392833333333334
NMI: 0.7475620710498015
ARI: 0.7084747302785441
epoch: 16
ACC: 0.838
NMI: 0.7477611369036427
ARI: 0.7057603770174042
epoch: 17
ACC: 0.8395333333333334
NMI: 0.748683708617457
ARI: 0.7084227476299111
epoch: 18
ACC: 0.8384
NMI: 0.7460593651920591
ARI: 0.70574805383224
epoch: 19
ACC: 0.8407166666666667
NMI: 0.7496362702834038
ARI: 0.7093040509830213
